2023-01-18 02:53:44,734 - DEBUG - Initializing SMSServer with host 0.0.0.0 and port 3456 ...
2023-01-18 02:53:44,734 - DEBUG - SMSServer initialized.
2023-01-18 02:53:44,735 - DEBUG - Starting SMSServer ...
2023-01-18 02:53:44,735 - INFO - Entering main loop ...
2023-01-18 02:53:44,791 - DEBUG - SMSServer started.
2023-01-18 02:53:44,821 - INFO - SMSServer serving forever ...
2023-01-18 02:53:50,693 - INFO - Keyboard interrupt detected, stopping ...
2023-01-18 02:53:50,695 - DEBUG - Stopping SMSServer ...
2023-01-18 02:53:51,149 - DEBUG - SMSServer stopped.
2023-01-18 02:53:51,889 - DEBUG - Initializing SMSServer with host 0.0.0.0 and port 3456 ...
2023-01-18 02:53:51,890 - DEBUG - SMSServer initialized.
2023-01-18 02:53:51,892 - DEBUG - Starting SMSServer ...
2023-01-18 02:53:51,893 - INFO - Entering main loop ...
2023-01-18 02:53:51,944 - DEBUG - SMSServer started.
2023-01-18 02:53:52,098 - INFO - SMSServer serving forever ...
2023-01-18 02:54:01,226 - INFO - Keyboard interrupt detected, stopping ...
2023-01-18 02:54:01,907 - DEBUG - Initializing SMSServer with host 0.0.0.0 and port 3456 ...
2023-01-18 02:54:01,909 - DEBUG - SMSServer initialized.
2023-01-18 02:54:01,911 - DEBUG - Starting SMSServer ...
2023-01-18 02:54:01,911 - INFO - Entering main loop ...
2023-01-18 02:54:01,940 - DEBUG - SMSServer started.
2023-01-18 02:54:01,941 - INFO - SMSServer serving forever ...
2023-01-18 02:54:12,104 - INFO - Keyboard interrupt detected, stopping ...
2023-01-18 02:54:12,872 - DEBUG - Initializing SMSServer with host 0.0.0.0 and port 3456 ...
2023-01-18 02:54:12,874 - DEBUG - SMSServer initialized.
2023-01-18 02:54:12,877 - DEBUG - Starting SMSServer ...
2023-01-18 02:54:12,877 - INFO - Entering main loop ...
2023-01-18 02:54:12,991 - DEBUG - SMSServer started.
2023-01-18 02:54:13,038 - INFO - SMSServer serving forever ...
2023-01-18 02:54:22,638 - DEBUG - Received message from 127.0.0.1:62748 ...
2023-01-18 02:54:22,715 - DEBUG - Received data: b'017680443353\r\ndas ist ein weiterer test...'
2023-01-18 02:54:22,824 - DEBUG - Decoded data: 017680443353
das ist ein weiterer test...
2023-01-18 02:54:22,917 - INFO - Received SMS from 017680443353: das ist ein weiterer test...
2023-01-18 02:54:22,994 - DEBUG - Sending SMS via SMS-Modem-A ...
2023-01-18 02:54:23,493 - DEBUG - Starting new HTTP connection (1): 192.168.200.61:80
2023-01-18 02:54:24,239 - DEBUG - http://192.168.200.61:80 "GET /cgi-bin/sms_send?username=kdssms&password=9%2A11%3D2001falsch&number=017680443353&text=das+ist+ein+weiterer+test... HTTP/1.1" 200 None
2023-01-18 02:54:24,717 - DEBUG - request: http://192.168.200.61:80/cgi-bin/sms_send?username=kdssms&password=9%2A11%3D2001falsch&number=017680443353&text=das+ist+ein+weiterer+test...
2023-01-18 02:54:24,718 - DEBUG - response: OK

2023-01-18 02:54:24,858 - INFO - SMS sent successfully via SMS-Modem-A.
2023-01-18 02:54:24,950 - INFO - SMS sent successfully: OK

2023-01-18 02:54:38,335 - INFO - Keyboard interrupt detected, stopping ...
2023-01-18 02:55:02,513 - DEBUG - Initializing SMSServer with host 0.0.0.0 and port 3456 ...
2023-01-18 02:55:02,514 - DEBUG - SMSServer initialized.
2023-01-18 02:55:02,515 - DEBUG - Starting SMSServer ...
2023-01-18 02:55:02,516 - INFO - Entering main loop ...
2023-01-18 02:55:02,622 - DEBUG - SMSServer started.
2023-01-18 02:55:02,715 - INFO - SMSServer serving forever ...
2023-01-18 02:55:05,573 - DEBUG - Received message from 127.0.0.1:62787 ...
2023-01-18 02:55:05,682 - DEBUG - Received data: b'017680443353\r\ndas ist ein weiterer test...'
2023-01-18 02:55:05,853 - DEBUG - Decoded data: 017680443353
das ist ein weiterer test...
2023-01-18 02:55:05,870 - INFO - Received SMS from 017680443353: das ist ein weiterer test...
2023-01-18 02:55:05,945 - DEBUG - Sending SMS via SMS-Modem-A ...
2023-01-18 02:55:06,507 - DEBUG - Starting new HTTP connection (1): 192.168.200.61:80
2023-01-18 02:55:07,233 - DEBUG - http://192.168.200.61:80 "GET /cgi-bin/sms_send?username=kdssms&password=9%2A11%3D2001falsch&number=017680443353&text=das+ist+ein+weiterer+test... HTTP/1.1" 200 None
2023-01-18 02:55:07,855 - DEBUG - request: http://192.168.200.61:80/cgi-bin/sms_send?username=kdssms&password=9%2A11%3D2001falsch&number=017680443353&text=das+ist+ein+weiterer+test...
2023-01-18 02:55:07,917 - DEBUG - response: OK

2023-01-18 02:55:07,995 - INFO - SMS sent successfully via SMS-Modem-A.
2023-01-18 02:55:08,135 - INFO - SMS sent successfully: OK

2023-01-18 02:55:09,784 - DEBUG - Received message from 127.0.0.1:62794 ...
2023-01-18 02:55:09,894 - DEBUG - Received data: b'017680443353\r\ndas ist ein weiterer test...'
2023-01-18 02:55:10,080 - DEBUG - Decoded data: 017680443353
das ist ein weiterer test...
2023-01-18 02:55:10,283 - INFO - Received SMS from 017680443353: das ist ein weiterer test...
2023-01-18 02:55:10,376 - DEBUG - Sending SMS via SMS-Modem-B ...
2023-01-18 02:55:10,460 - DEBUG - Starting new HTTP connection (1): 192.168.200.62:80
2023-01-18 02:57:23,493 - INFO - Keyboard interrupt detected, stopping ...
2023-01-18 02:57:24,123 - DEBUG - Initializing SMSServer with host 0.0.0.0 and port 3456 ...
2023-01-18 02:57:24,124 - DEBUG - SMSServer initialized.
2023-01-18 02:57:24,126 - DEBUG - Starting SMSServer ...
2023-01-18 02:57:24,126 - INFO - Entering main loop ...
2023-01-18 02:57:24,238 - DEBUG - SMSServer started.
2023-01-18 02:57:24,375 - INFO - SMSServer serving forever ...
2023-01-18 02:57:34,934 - DEBUG - Received message from 127.0.0.1:62901 ...
2023-01-18 02:57:35,060 - DEBUG - Received data: b'017680443353\r\ndas ist ein weiterer test...'
2023-01-18 02:57:35,201 - DEBUG - Decoded data: 017680443353
das ist ein weiterer test...
2023-01-18 02:57:35,263 - INFO - Received SMS from 017680443353: das ist ein weiterer test...
2023-01-18 02:57:35,417 - DEBUG - Checking gateway SMS-Modem-A ...
2023-01-18 02:57:35,634 - DEBUG - Gateway SMS-Modem-A is available.
2023-01-18 02:57:35,805 - DEBUG - Sending SMS via SMS-Modem-A ...
2023-01-18 02:57:36,288 - DEBUG - Starting new HTTP connection (1): 192.168.200.61:80
2023-01-18 02:57:37,033 - DEBUG - http://192.168.200.61:80 "GET /cgi-bin/sms_send?username=kdssms&password=9%2A11%3D2001falsch&number=017680443353&text=das+ist+ein+weiterer+test... HTTP/1.1" 200 None
2023-01-18 02:57:37,484 - DEBUG - request: http://192.168.200.61:80/cgi-bin/sms_send?username=kdssms&password=9%2A11%3D2001falsch&number=017680443353&text=das+ist+ein+weiterer+test...
2023-01-18 02:57:37,562 - DEBUG - response: OK

2023-01-18 02:57:37,639 - INFO - SMS sent successfully via SMS-Modem-A.
2023-01-18 02:57:37,655 - INFO - SMS sent successfully: OK

2023-01-18 02:57:40,768 - DEBUG - Received message from 127.0.0.1:62908 ...
2023-01-18 02:57:40,954 - DEBUG - Received data: b'017680443353\r\ndas ist ein weiterer test...'
2023-01-18 02:57:40,986 - DEBUG - Decoded data: 017680443353
das ist ein weiterer test...
2023-01-18 02:57:41,047 - INFO - Received SMS from 017680443353: das ist ein weiterer test...
2023-01-18 02:57:41,203 - DEBUG - Checking gateway SMS-Modem-B ...
2023-01-18 02:57:42,912 - ERROR - Gateway SMS-Modem-B is not available.
2023-01-18 02:57:43,067 - DEBUG - Checking gateway SMS-Modem-A ...
2023-01-18 02:57:43,284 - DEBUG - Gateway SMS-Modem-A is available.
2023-01-18 02:57:43,424 - DEBUG - Sending SMS via SMS-Modem-A ...
2023-01-18 02:57:43,503 - DEBUG - Starting new HTTP connection (1): 192.168.200.61:80
2023-01-18 02:57:44,170 - DEBUG - http://192.168.200.61:80 "GET /cgi-bin/sms_send?username=kdssms&password=9%2A11%3D2001falsch&number=017680443353&text=das+ist+ein+weiterer+test... HTTP/1.1" 200 None
2023-01-18 02:57:44,790 - DEBUG - request: http://192.168.200.61:80/cgi-bin/sms_send?username=kdssms&password=9%2A11%3D2001falsch&number=017680443353&text=das+ist+ein+weiterer+test...
2023-01-18 02:57:44,946 - DEBUG - response: OK

2023-01-18 02:57:44,993 - INFO - SMS sent successfully via SMS-Modem-A.
2023-01-18 02:57:45,085 - INFO - SMS sent successfully: OK

2023-01-18 02:59:58,032 - INFO - Keyboard interrupt detected, stopping ...
2023-01-18 02:59:58,679 - DEBUG - Initializing SMSServer with host 0.0.0.0 and port 3456 ...
2023-01-18 02:59:58,680 - DEBUG - SMSServer initialized.
2023-01-18 02:59:58,683 - DEBUG - Starting SMSServer ...
2023-01-18 02:59:58,684 - INFO - Entering main loop ...
2023-01-18 02:59:58,779 - DEBUG - SMSServer started.
2023-01-18 02:59:58,782 - INFO - SMSServer serving forever ...
2023-01-18 03:00:02,427 - DEBUG - Received message from 127.0.0.1:63013 ...
2023-01-18 03:00:02,612 - DEBUG - Received data: b'017680443353\r\ndas ist ein weiterer test...'
2023-01-18 03:00:02,747 - DEBUG - Decoded data: 017680443353
das ist ein weiterer test...
2023-01-18 03:00:02,812 - INFO - Received SMS from 017680443353: das ist ein weiterer test...
2023-01-18 03:00:02,813 - DEBUG - Checking gateway SMS-Modem-A ...
2023-01-18 03:00:02,970 - DEBUG - Gateway SMS-Modem-A is available.
2023-01-18 03:00:02,971 - DEBUG - Sending SMS via SMS-Modem-A ...
2023-01-18 03:00:02,980 - DEBUG - Starting new HTTP connection (1): 192.168.200.61:80
2023-01-18 03:00:03,807 - DEBUG - http://192.168.200.61:80 "GET /cgi-bin/sms_send?username=kdssms&password=9%2A11%3D2001falsch&number=017680443353&text=das+ist+ein+weiterer+test... HTTP/1.1" 200 None
2023-01-18 03:00:04,462 - DEBUG - request: http://192.168.200.61:80/cgi-bin/sms_send?username=kdssms&password=9%2A11%3D2001falsch&number=017680443353&text=das+ist+ein+weiterer+test...
2023-01-18 03:00:04,599 - DEBUG - response: OK

2023-01-18 03:00:04,692 - INFO - SMS sent successfully via SMS-Modem-A.
2023-01-18 03:00:04,800 - INFO - SMS sent successfully: OK

2023-01-18 03:00:08,312 - DEBUG - Received message from 127.0.0.1:63020 ...
2023-01-18 03:00:08,514 - DEBUG - Received data: b'017680443353\r\ndas ist ein weiterer test...'
2023-01-18 03:00:08,670 - DEBUG - Decoded data: 017680443353
das ist ein weiterer test...
2023-01-18 03:00:08,888 - INFO - Received SMS from 017680443353: das ist ein weiterer test...
2023-01-18 03:00:08,964 - DEBUG - Checking gateway SMS-Modem-B ...
2023-01-18 03:00:10,747 - ERROR - Gateway SMS-Modem-B is not available.
2023-01-18 03:00:10,826 - DEBUG - Checking gateway SMS-Modem-A ...
2023-01-18 03:00:11,088 - DEBUG - Gateway SMS-Modem-A is available.
2023-01-18 03:00:11,228 - DEBUG - Sending SMS via SMS-Modem-A ...
2023-01-18 03:00:11,290 - DEBUG - Starting new HTTP connection (1): 192.168.200.61:80
2023-01-18 03:00:11,834 - DEBUG - http://192.168.200.61:80 "GET /cgi-bin/sms_send?username=kdssms&password=9%2A11%3D2001falsch&number=017680443353&text=das+ist+ein+weiterer+test... HTTP/1.1" 200 None
2023-01-18 03:00:12,441 - DEBUG - request: http://192.168.200.61:80/cgi-bin/sms_send?username=kdssms&password=9%2A11%3D2001falsch&number=017680443353&text=das+ist+ein+weiterer+test...
2023-01-18 03:00:12,473 - DEBUG - response: OK

2023-01-18 03:00:12,487 - INFO - SMS sent successfully via SMS-Modem-A.
2023-01-18 03:00:12,596 - INFO - SMS sent successfully: OK

2023-01-18 03:01:03,460 - INFO - Keyboard interrupt detected, stopping ...
2023-01-18 03:32:32,203 - INFO - Starting KDS SMS-Server ...
2023-01-18 03:32:32,207 - DEBUG - Initializing SMSServer with host 0.0.0.0 and port 3456 ...
2023-01-18 03:32:32,208 - DEBUG - SMSServer initialized.
2023-01-18 03:32:32,211 - INFO - Entering main loop ...
2023-01-18 03:32:32,301 - DEBUG - Starting SMSServer ...
2023-01-18 03:32:32,473 - DEBUG - SMSServer started.
2023-01-18 03:32:32,550 - INFO - SMSServer serving forever ...
2023-01-18 03:32:41,486 - DEBUG - Received message. client='127.0.0.1:64415'
2023-01-18 03:32:41,672 - DEBUG - data=b'017680443353\r\ndas ist ein weiterer test...'
2023-01-18 03:32:41,735 - DEBUG - data_str='017680443353\r\ndas ist ein weiterer test...'
2023-01-18 03:32:42,185 - INFO - Received SMS client='127.0.0.1:64415' number=017680443353, message=das ist ein weiterer test...
2023-01-18 03:32:42,466 - DEBUG - Checking gateway 'SMS-Modem-A' ...
2023-01-18 03:36:38,064 - INFO - Keyboard interrupt detected, stopping ...
2023-01-18 03:36:38,067 - DEBUG - Stopping SMSServer ...
2023-01-18 03:48:56,226 - INFO - Starting KDS SMS-Server ...
2023-01-18 03:48:56,229 - INFO - Entering main loop ...
2023-01-18 03:48:56,380 - INFO - SMSServer serving forever ...
2023-01-18 03:49:46,177 - INFO - Keyboard interrupt detected, stopping ...
2023-01-18 11:43:38,843 - INFO - Starting KDS SMS-Server ...
2023-01-18 11:43:38,844 - DEBUG - Initializing SMSServer with host 0.0.0.0 and port 3456 ...
2023-01-18 11:43:38,844 - DEBUG - SMSServer initialized.
2023-01-18 11:43:38,846 - DEBUG - Starting SMSServer ...
2023-01-18 11:43:38,847 - INFO - Entering main loop ...
2023-01-18 11:43:38,919 - DEBUG - SMSServer started.
2023-01-18 11:43:38,936 - INFO - SMSServer serving forever ...
2023-01-18 11:45:55,112 - INFO - Keyboard interrupt detected, stopping ...
2023-01-18 11:45:55,113 - DEBUG - Stopping SMSServer ...
2023-01-18 11:45:55,389 - DEBUG - SMSServer stopped.
2023-01-18 11:47:15,026 - INFO - Starting KDS SMS-Server ...
2023-01-18 11:47:15,027 - DEBUG - Initializing SMSServer with host 0.0.0.0 and port 3456 ...
2023-01-18 11:47:15,027 - DEBUG - SMSServer initialized.
2023-01-18 11:47:15,029 - DEBUG - Starting SMSServer ...
2023-01-18 11:47:15,030 - INFO - Entering main loop ...
2023-01-18 11:47:15,107 - DEBUG - SMSServer started.
2023-01-18 11:47:15,137 - INFO - SMSServer serving forever ...
2023-01-18 11:48:54,071 - INFO - Keyboard interrupt detected, stopping ...
2023-01-18 11:48:54,072 - DEBUG - Stopping SMSServer ...
2023-01-18 11:48:54,490 - DEBUG - SMSServer stopped.
2023-01-18 11:48:55,153 - INFO - Starting KDS SMS-Server ...
2023-01-18 11:48:55,154 - DEBUG - Initializing SMSServer with host 0.0.0.0 and port 3456 ...
2023-01-18 11:48:55,155 - DEBUG - SMSServer initialized.
2023-01-18 11:48:55,157 - DEBUG - Starting SMSServer ...
2023-01-18 11:48:55,158 - INFO - Entering main loop ...
2023-01-18 11:48:55,158 - DEBUG - SMSServer started.
2023-01-18 11:48:55,159 - INFO - SMSServer serving forever ...
